====== 2026-03-23 16:15:18 =====
距上次提交: 0分钟
未超时，继续监控

====== 2026-03-23 16:19:05 =====
迭代监控: 距上次提交 4 分钟
未超时，继续监控
SupplyAI检查: 距上次提交 4 分钟
系统检查: 磁盘使用率 9%

====== 2026-03-23 16:19:27 =====
迭代监控: 距上次提交 4 分钟
未超时，继续监控
SupplyAI检查: 距上次提交 4 分钟
系统检查: 磁盘使用率 9%

====== 2026-03-23 16:20:09 =====
距上次提交: 5分钟
未超时，继续监控


[2026-03-23 16:30:24] 迭代检查: 距上次提交 15 分钟，状态正常，无需启动新迭代
[2026-03-23 16:40:18] 迭代检查: 距上次提交 25 分钟，状态正常，无需启动新迭代
[2026-03-23 16:50:18] AI Academy迭代检查: 距上次提交 35 分钟，超过30分钟阈值，需要启动新迭代
[2026-03-23 17:00:52] AI Academy迭代检查: 距上次提交45分钟，超过30分钟阈值，启动新迭代
