[main 6c09fa5] auto: 30分钟活跃检查 - 2026-03-11 18:10 - 保持项目活跃度
 1 file changed, 1 insertion(+)
To https://github.com/zjc0230-code/AI-Academy.git
   f5d1109..6c09fa5  main -> main
[main 1586e97] auto: 30分钟活跃检查 - 2026-03-11 18:20 - 保持项目活跃度
 2 files changed, 5 insertions(+)
To https://github.com/zjc0230-code/AI-Academy.git
   6c09fa5..1586e97  main -> main
[main e64018a] auto: 30分钟活跃检查 - 2026-03-11 18:30 - 保持项目活跃度
 2 files changed, 5 insertions(+)
To https://github.com/zjc0230-code/AI-Academy.git
   1586e97..e64018a  main -> main
[main 95183a3] auto: 30分钟活跃检查 - 2026-03-11 18:40 - 保持项目活跃度
 2 files changed, 5 insertions(+)
To https://github.com/zjc0230-code/AI-Academy.git
   e64018a..95183a3  main -> main
[main bdf5de0] auto: 30分钟活跃检查 - 2026-03-11 18:50 - 保持项目活跃度
 2 files changed, 5 insertions(+)
To https://github.com/zjc0230-code/AI-Academy.git
   95183a3..bdf5de0  main -> main
[main 0445fdc] auto: 30分钟活跃检查 - 2026-03-11 19:00 - 保持项目活跃度
 2 files changed, 5 insertions(+)
To https://github.com/zjc0230-code/AI-Academy.git
   bdf5de0..0445fdc  main -> main
[main 439ac07] auto: 30分钟活跃检查 - 2026-03-11 19:10 - 保持项目活跃度
 2 files changed, 5 insertions(+)
To https://github.com/zjc0230-code/AI-Academy.git
   0445fdc..439ac07  main -> main
[main a00b0db] auto: 30分钟活跃检查 - 2026-03-11 19:20 - 保持项目活跃度
 2 files changed, 5 insertions(+)
To https://github.com/zjc0230-code/AI-Academy.git
   439ac07..a00b0db  main -> main
[main 22dc74d] auto: 30分钟活跃检查 - 2026-03-11 19:30 - 保持项目活跃度
 2 files changed, 5 insertions(+)
To https://github.com/zjc0230-code/AI-Academy.git
   a00b0db..22dc74d  main -> main
