## 迭代检查记录
- 时间：2026-03-17 09:20:22
- 上次提交：7392a358（2026-03-17 09:10:19）
- 时间间隔：9分51秒
- 工作区状态：Clean
- 决策：继续当前迭代

## 迭代检查记录
- 时间：2026-03-17 09:30:22
- 上次提交：d0e1087a（2026-03-17 09:20:22）
- 时间间隔：9分49秒
- 工作区状态：Clean
- 决策：继续当前第2次迭代

## 迭代检查记录 - 2026-03-17 09:40:25

### Git提交状态
- 上次提交：9c530a96（2026-03-17 09:30:26）
- 时间间隔：9分45秒（未超30分钟阈值）
- 工作区状态：Clean

### 迭代决策
- 当前迭代：第2次迭代
- 决策结果：继续当前迭代，无需启动新迭代
- 理由：提交频率正常，开发节奏保持良好

### 下一步行动
- 保持30分钟迭代节奏
- 加快核心文档编写进度
- 建议创建TODAY_PLAN.md任务规划文件

## 迭代检查记录 - 2026-03-17 09:50:18

### Git提交状态
- 上次提交：e9fafd38（2026-03-17 09:40:25）
- 时间间隔：9分45秒（未超30分钟阈值）
- 工作区状态：Clean

### 迭代评估
- 当前迭代：第2次
- 决策：继续当前迭代，无需启动新迭代
- 下次检查：30分钟后自动触发

## 迭代检查记录 - 2026-03-17 10:00:34

### Git提交状态
- 上次提交：bac27008（2026-03-17 09:50:18）
- 时间间隔：9分58秒（未超30分钟阈值）
- 工作区状态：Clean

### 迭代评估
- 当前迭代：第2次
- 决策：继续当前迭代，无需启动新迭代
- 下次检查：30分钟后自动触发

