## 进度检查记录 - 2026-03-17 09:30:26

### Git提交状态
- 上次提交：d0e1087a（2026-03-17 09:20:22）
- 时间间隔：9分51秒（未超30分钟阈值）
- 工作区状态：Clean

### 任务完成情况
- TODAY_PLAN.md：不存在（建议创建）
- 专业完成度：28个专业中仅完成1个（SM-1-1小红书运营）
- 完成率：3.6%
- 技能清单：144个技能（已完成）

### 评估结论
- Git提交频率正常，开发节奏保持良好
- 缺少任务规划文件，建议创建TODAY_PLAN.md
- 整体进度滞后，需加快核心文档编写

## 进度检查记录 - 2026-03-17 10:01:07

### 任务规划文件
- TODAY_PLAN.md：不存在

### Git提交状态
- 上次提交：2a2a2d21（2026-03-17 10:00:34）
- 时间间隔：12秒（刚完成迭代检查）
- 工作区状态：Clean

### 任务完成情况
- 缺少TODAY_PLAN.md，无法评估任务进度
- 建议：创建TODAY_PLAN.md进行任务规划

## 进度检查记录 - 2026-03-17 10:30:31

### 任务规划文件
- TODAY_PLAN.md：不存在

### Git提交状态
- 上次提交：0a1019dd（2026-03-17 10:20:49）
- 时间间隔：9分30秒（未超30分钟阈值）
- 工作区状态：Clean

### 任务完成情况
- 缺少TODAY_PLAN.md，无法评估任务进度
- 建议：创建TODAY_PLAN.md进行任务规划

## 进度检查记录 - 2026-03-17 11:00:33

### 任务规划文件
- TODAY_PLAN.md：不存在

### Git提交状态
- 上次提交：8c71fdd5（2026-03-17 10:50:24）
- 时间间隔：9分50秒（未超30分钟阈值）
- 工作区状态：Clean

### 任务完成情况
- 缺少TODAY_PLAN.md，无法评估任务进度
- 建议：创建TODAY_PLAN.md进行任务规划

## 进度检查记录 - 2026-03-17 11:31:02

### 任务规划文件
- TODAY_PLAN.md：不存在

### Git提交状态
- 上次提交：ad eb1996（2026-03-17 11:20:25）
- 时间间隔：10分7秒（未超30分钟阈值）
- 工作区状态：Clean

### 任务完成情况
- 缺少TODAY_PLAN.md，无法评估任务进度
- 建议：创建TODAY_PLAN.md进行任务规划

## 进度检查记录 - 2026-03-17 12:01:33

### 任务规划文件
- TODAY_PLAN.md：不存在

### Git提交状态
- 上次提交：3321ef48（2026-03-17 12:00:33）
- 时间间隔：4秒（未超30分钟阈值）
- 工作区状态：Clean

### 任务完成情况
- 缺少TODAY_PLAN.md，无法评估任务进度
- 建议：创建TODAY_PLAN.md进行任务规划

## 进度检查记录 - 2026-03-17 12:30:38

### 任务规划文件
- TODAY_PLAN.md：已存在
- 目标：完成5个专业的quick-reference.md

### Git提交状态（30分钟内实质性提交）
1. 12:15:32 - SM-1-2 抖音创作专业 ✅
2. 12:16:39 - SM-1-3 微信公众号运营专业 ✅
3. 12:17:26 - SM-2-1 个人IP专业 ✅
4. 12:18:36 - SM-2-2 品牌IP专业 ✅
5. 12:19:32 - SM-3-1 直播电商专业 ✅

### 任务完成情况
- ✅ 已完成5个专业的quick-reference.md（超额完成目标）
- ✅ 5次实质性Git提交（符合要求）
- 工作区状态：Clean（所有更改已提交）

### 进度评估
- 提前完成计划任务
- 建议继续测试验证或开始下一批专业

